[2019-11-01T18:11:20.594] [INFO] server.js - Server running on port 4000 ...
[2019-11-01T18:11:20.623] [INFO] server.js - Database connection is successful
[2019-11-01T18:11:20.676] [DEBUG] server.js - Alguien se ha conectado con Sockets
[2019-11-01T18:14:09.838] [INFO] server.js - Server running on port 4000 ...
[2019-11-01T18:14:09.869] [INFO] server.js - Database connection is successful
[2019-11-01T18:14:12.373] [DEBUG] server.js - Alguien se ha conectado con Sockets
[2019-11-01T18:14:19.794] [DEBUG] server.js - Todo #81 successfully added 
[2019-11-01T18:14:23.568] [DEBUG] server.js - Todos search success
[2019-11-01T18:16:59.543] [INFO] server.js - Server running on port 4000 ...
[2019-11-01T18:16:59.604] [INFO] server.js - Database connection is successful
[2019-11-01T18:17:00.588] [DEBUG] server.js - Alguien se ha conectado con Sockets
[2019-11-01T18:17:03.936] [DEBUG] server.js - Alguien se ha conectado con Sockets
[2019-11-01T18:17:04.062] [DEBUG] server.js - Todos search success
[2019-11-01T18:17:36.159] [DEBUG] server.js - Alguien se ha conectado con Sockets
[2019-11-01T18:17:36.266] [DEBUG] server.js - Todos search success
[2019-11-01T18:20:21.042] [DEBUG] server.js - Alguien se ha conectado con Sockets
[2019-11-01T18:20:21.138] [DEBUG] server.js - Todos search success
[2019-11-01T18:21:34.097] [DEBUG] server.js - Alguien se ha conectado con Sockets
[2019-11-01T18:21:34.325] [DEBUG] server.js - Todos search success
[2019-11-01T18:22:12.050] [DEBUG] server.js - Alguien se ha conectado con Sockets
[2019-11-01T18:22:12.287] [DEBUG] server.js - Todos search success
[2019-11-04T15:21:10.456] [INFO] server.js - Server running on port 4000 ...
[2019-11-04T15:21:10.527] [INFO] server.js - Database connection is successful
[2019-11-04T15:34:23.565] [DEBUG] server.js - Alguien se ha conectado con Sockets
[2019-11-04T15:34:23.688] [DEBUG] server.js - Todos search success
[2019-11-04T15:44:21.353] [DEBUG] server.js - Todos historic  search success
[2019-11-04T15:44:26.960] [DEBUG] server.js - Todos historic  search success
[2019-11-04T15:44:28.353] [DEBUG] server.js - Todos historic  search success
[2019-11-04T15:44:31.820] [DEBUG] server.js - Todos historic  search success
[2019-11-04T15:44:33.611] [DEBUG] server.js - Todos historic  search success
[2019-11-04T15:44:35.691] [DEBUG] server.js - Todos historic  search success
[2019-11-04T15:44:36.730] [DEBUG] server.js - Todos historic  search success
[2019-11-04T15:44:37.277] [DEBUG] server.js - Todos historic  search success
[2019-11-04T15:44:37.707] [DEBUG] server.js - Todos historic  search success
[2019-11-04T15:44:38.019] [DEBUG] server.js - Todos historic  search success
[2019-11-04T15:44:39.846] [DEBUG] server.js - Todos search success
[2019-11-04T15:44:44.310] [DEBUG] server.js - Todo #58 successfully deleted 
[2019-11-04T15:44:46.746] [DEBUG] server.js - Todos search success
[2019-11-04T15:45:06.648] [DEBUG] server.js - Todo #59  description changing from "" to "prueb"
[2019-11-04T15:45:09.211] [DEBUG] server.js - Todos search success
[2019-11-04T18:00:09.376] [INFO] server.js - Server running on port 4000 ...
[2019-11-04T18:00:09.421] [INFO] server.js - Database connection is successful
[2019-11-16T13:23:53.686] [INFO] server.js - Server running on port 4000 ...
[2019-11-16T13:23:53.737] [INFO] server.js - Database connection is successful
[2019-11-16T13:54:08.762] [INFO] server.js - Server running on port 4000 ...
[2019-11-16T13:54:08.790] [INFO] server.js - Database connection is successful
[2019-11-16T13:54:18.764] [INFO] server.js - Server running on port 4000 ...
[2019-11-16T13:54:18.791] [INFO] server.js - Database connection is successful
[2019-11-17T13:28:40.889] [INFO] server.js - Server running on port 4000 ...
[2019-11-17T13:28:40.929] [INFO] server.js - Database connection is successful
[2019-11-17T13:30:44.278] [INFO] server.js - Server running on port 4000 ...
[2019-11-17T13:30:44.320] [INFO] server.js - Database connection is successful
[2019-11-17T13:36:01.872] [INFO] server.js - Server running on port 4000 ...
[2019-11-17T13:36:01.906] [INFO] server.js - Database connection is successful
[2019-11-17T13:36:22.545] [INFO] server.js - Server running on port 4000 ...
[2019-11-17T13:36:22.588] [INFO] server.js - Database connection is successful
[2019-11-17T13:36:46.223] [INFO] server.js - Server running on port 4000 ...
[2019-11-17T13:36:46.267] [INFO] server.js - Database connection is successful
[2019-11-17T13:38:15.995] [INFO] server.js - Server running on port 4000 ...
[2019-11-17T13:38:16.030] [INFO] server.js - Database connection is successful
[2019-11-17T13:39:04.381] [INFO] server.js - Server running on port 4000 ...
[2019-11-17T13:39:04.424] [INFO] server.js - Database connection is successful
[2019-11-17T13:40:48.142] [INFO] server.js - Server running on port 4000 ...
[2019-11-17T13:40:48.193] [INFO] server.js - Database connection is successful
[2019-11-17T13:41:40.705] [INFO] server.js - Server running on port 4000 ...
[2019-11-17T13:41:40.740] [INFO] server.js - Database connection is successful
[2019-11-17T13:42:21.738] [INFO] server.js - Server running on port 4000 ...
[2019-11-17T13:42:21.775] [INFO] server.js - Database connection is successful
[2019-11-17T13:45:21.731] [INFO] server.js - Server running on port 4000 ...
[2019-11-17T13:45:21.766] [INFO] server.js - Database connection is successful
[2019-11-17T13:46:00.357] [INFO] server.js - Server running on port 4000 ...
[2019-11-17T13:46:00.392] [INFO] server.js - Database connection is successful
[2019-11-17T13:47:39.962] [INFO] server.js - Server running on port 4000 ...
[2019-11-17T13:47:40.005] [INFO] server.js - Database connection is successful
[2019-11-17T13:49:43.112] [INFO] server.js - Server running on port 4000 ...
[2019-11-17T13:49:43.147] [INFO] server.js - Database connection is successful
[2019-11-17T13:52:53.659] [INFO] server.js - Server running on port 4000 ...
[2019-11-17T13:52:53.697] [INFO] server.js - Database connection is successful
[2019-11-17T14:11:49.699] [INFO] server.js - Server running on port 4000 ...
[2019-11-17T14:11:49.731] [INFO] server.js - Database connection is successful
[2019-11-17T14:13:17.466] [INFO] server.js - Server running on port 4000 ...
[2019-11-17T14:13:17.537] [INFO] server.js - Database connection is successful
[2019-11-17T14:14:53.341] [INFO] server.js - Server running on port 4000 ...
[2019-11-17T14:14:53.374] [INFO] server.js - Database connection is successful
[2019-11-17T14:40:47.419] [INFO] server.js - Server running on port 4000 ...
[2019-11-17T14:40:47.455] [INFO] server.js - Database connection is successful
[2019-11-17T14:59:01.806] [INFO] server.js - Server running on port 4000 ...
[2019-11-17T14:59:01.848] [INFO] server.js - Database connection is successful
[2019-11-17T15:00:06.242] [INFO] server.js - Server running on port 4000 ...
[2019-11-17T15:00:06.304] [INFO] server.js - Database connection is successful
[2019-11-17T15:01:44.286] [INFO] server.js - Server running on port 4000 ...
[2019-11-17T15:01:44.320] [INFO] server.js - Database connection is successful
[2019-11-17T15:03:26.555] [INFO] server.js - Server running on port 4000 ...
[2019-11-17T15:03:26.590] [INFO] server.js - Database connection is successful
[2019-11-17T15:03:56.535] [INFO] server.js - Server running on port 4000 ...
[2019-11-17T15:03:56.619] [INFO] server.js - Database connection is successful
[2019-11-17T15:04:37.348] [INFO] server.js - Server running on port 4000 ...
[2019-11-17T15:04:37.410] [INFO] server.js - Database connection is successful
[2019-11-17T15:06:41.419] [INFO] server.js - Server running on port 4000 ...
[2019-11-17T15:06:41.464] [INFO] server.js - Database connection is successful
[2019-11-17T15:07:12.874] [INFO] server.js - Server running on port 4000 ...
[2019-11-17T15:07:12.910] [INFO] server.js - Database connection is successful
[2019-11-17T15:08:13.688] [INFO] server.js - Server running on port 4000 ...
[2019-11-17T15:08:13.776] [INFO] server.js - Database connection is successful
[2019-11-17T15:11:33.600] [INFO] server.js - Server running on port 4000 ...
[2019-11-17T15:11:33.635] [INFO] server.js - Database connection is successful
[2019-11-17T15:13:19.507] [INFO] server.js - Server running on port 4000 ...
[2019-11-17T15:13:19.537] [INFO] server.js - Database connection is successful
[2019-11-17T15:14:16.572] [INFO] server.js - Server running on port 4000 ...
[2019-11-17T15:14:16.614] [INFO] server.js - Database connection is successful
[2019-11-17T15:14:31.540] [INFO] server.js - Server running on port 4000 ...
[2019-11-17T15:14:31.578] [INFO] server.js - Database connection is successful
[2019-11-17T15:28:46.039] [INFO] server.js - Server running on port 4000 ...
[2019-11-17T15:28:46.074] [INFO] server.js - Database connection is successful
[2019-11-17T21:43:00.955] [INFO] server.js - Server running on port 4000 ...
[2019-11-17T21:43:00.984] [INFO] server.js - Database connection is successful
[2019-11-17T21:55:10.140] [INFO] server.js - Server running on port 4000 ...
[2019-11-17T21:55:10.177] [INFO] server.js - Database connection is successful
[2019-11-17T22:46:04.166] [INFO] server.js - Server running on port 4000 ...
[2019-11-17T22:46:04.202] [INFO] server.js - Database connection is successful
[2019-11-17T22:46:42.228] [INFO] server.js - Server running on port 4000 ...
[2019-11-17T22:46:42.263] [INFO] server.js - Database connection is successful
[2019-11-17T22:46:49.573] [INFO] server.js - Server running on port 4000 ...
[2019-11-17T22:46:49.619] [INFO] server.js - Database connection is successful
[2019-11-17T22:46:56.881] [INFO] server.js - Server running on port 4000 ...
[2019-11-17T22:46:56.921] [INFO] server.js - Database connection is successful
[2019-11-17T22:47:10.429] [INFO] server.js - Server running on port 4000 ...
[2019-11-17T22:47:10.459] [INFO] server.js - Database connection is successful
[2019-11-17T22:59:23.162] [INFO] server.js - Server running on port 4000 ...
[2019-11-17T22:59:23.199] [INFO] server.js - Database connection is successful
[2019-11-17T23:01:22.132] [INFO] server.js - Server running on port 4000 ...
[2019-11-17T23:01:22.164] [INFO] server.js - Database connection is successful
[2019-11-17T23:07:00.500] [INFO] server.js - Server running on port 4000 ...
[2019-11-17T23:07:00.540] [INFO] server.js - Database connection is successful
[2019-11-17T23:12:51.939] [INFO] server.js - Server running on port 4000 ...
[2019-11-17T23:12:51.972] [INFO] server.js - Database connection is successful
[2019-11-17T23:14:02.692] [INFO] server.js - Server running on port 4000 ...
[2019-11-17T23:14:02.723] [INFO] server.js - Database connection is successful
[2019-11-17T23:19:55.342] [INFO] server.js - Server running on port 4000 ...
[2019-11-17T23:19:55.375] [INFO] server.js - Database connection is successful
[2019-11-17T23:20:01.392] [INFO] server.js - Server running on port 4000 ...
[2019-11-17T23:20:01.420] [INFO] server.js - Database connection is successful
[2019-11-17T23:20:54.496] [INFO] server.js - Server running on port 4000 ...
[2019-11-17T23:20:54.596] [INFO] server.js - Database connection is successful
[2019-11-17T23:20:58.345] [INFO] server.js - Server running on port 4000 ...
[2019-11-17T23:20:58.393] [INFO] server.js - Database connection is successful
[2019-11-17T23:22:35.742] [INFO] server.js - Server running on port 4000 ...
[2019-11-17T23:22:35.773] [INFO] server.js - Database connection is successful
[2019-11-17T23:23:03.963] [INFO] server.js - Server running on port 4000 ...
[2019-11-17T23:23:04.015] [INFO] server.js - Database connection is successful
[2019-11-17T23:23:47.609] [INFO] server.js - Server running on port 4000 ...
[2019-11-17T23:23:47.639] [INFO] server.js - Database connection is successful
[2019-11-17T23:25:06.297] [INFO] server.js - Server running on port 4000 ...
[2019-11-17T23:25:06.325] [INFO] server.js - Database connection is successful
[2019-11-17T23:25:28.214] [INFO] server.js - Server running on port 4000 ...
[2019-11-17T23:25:28.242] [INFO] server.js - Database connection is successful
[2019-11-17T23:26:55.704] [INFO] server.js - Server running on port 4000 ...
[2019-11-17T23:26:55.737] [INFO] server.js - Database connection is successful
[2019-11-17T23:27:23.111] [INFO] server.js - Server running on port 4000 ...
[2019-11-17T23:27:23.143] [INFO] server.js - Database connection is successful
[2019-11-17T23:27:40.808] [INFO] server.js - Server running on port 4000 ...
[2019-11-17T23:27:40.878] [INFO] server.js - Database connection is successful
[2019-11-17T23:27:59.528] [INFO] server.js - Server running on port 4000 ...
[2019-11-17T23:27:59.561] [INFO] server.js - Database connection is successful
[2019-11-17T23:28:08.796] [INFO] server.js - Server running on port 4000 ...
[2019-11-17T23:28:08.824] [INFO] server.js - Database connection is successful
[2019-11-17T23:28:15.779] [INFO] server.js - Server running on port 4000 ...
[2019-11-17T23:28:15.816] [INFO] server.js - Database connection is successful
[2019-11-17T23:29:01.840] [INFO] server.js - Server running on port 4000 ...
[2019-11-17T23:29:01.867] [INFO] server.js - Database connection is successful
[2019-11-17T23:36:01.609] [INFO] server.js - Server running on port 4000 ...
[2019-11-17T23:36:01.643] [INFO] server.js - Database connection is successful
[2019-11-17T23:38:38.855] [INFO] server.js - Server running on port 4000 ...
[2019-11-17T23:38:38.881] [INFO] server.js - Database connection is successful
[2019-11-17T23:38:58.450] [INFO] server.js - Server running on port 4000 ...
[2019-11-17T23:38:58.506] [INFO] server.js - Database connection is successful
[2019-11-17T23:39:46.910] [INFO] server.js - Server running on port 4000 ...
[2019-11-17T23:39:46.945] [INFO] server.js - Database connection is successful
[2019-11-17T23:40:29.407] [INFO] server.js - Server running on port 4000 ...
[2019-11-17T23:40:29.469] [INFO] server.js - Database connection is successful
[2019-11-17T23:40:34.083] [INFO] server.js - Server running on port 4000 ...
[2019-11-17T23:40:34.116] [INFO] server.js - Database connection is successful
[2019-11-17T23:40:44.262] [INFO] server.js - Server running on port 4000 ...
[2019-11-17T23:40:44.304] [INFO] server.js - Database connection is successful
[2019-11-17T23:40:48.553] [INFO] server.js - Server running on port 4000 ...
[2019-11-17T23:40:48.619] [INFO] server.js - Database connection is successful
[2019-11-18T00:25:47.440] [INFO] server.js - Server running on port 4000 ...
[2019-11-18T00:25:47.478] [INFO] server.js - Database connection is successful
